# naujas-serveris

['Verkkokouppa.csv', 'Domitech.xml', 'Apollo.csv', 'Gitana.xml', 'Action.csv', 'B2B_full.xml']
['Verkkokouppa.csv', 'Domitech.xml', 'Apollo.csv', 'Gitana.xml', 'Action.csv']
['Verkkokouppa.csv', 'Domitech.xml', 'Apollo.csv', 'Gitana.xml', 'Action.csv']
['Verkkokouppa.csv', 'Domitech.xml', 'Apollo.csv', 'Gitana.xml', 'Action.csv']
['Verkkokouppa.csv', 'Domitech.xml', 'Apollo.csv', 'Gitana.xml', 'Action.csv']
['Verkkokouppa.csv', 'Domitech.xml', 'Apollo.csv', 'Gitana.xml', 'Action.csv']
['Verkkokouppa.csv', 'Domitech.xml', 'Apollo.csv', 'Gitana.xml', 'Action.csv']
['Verkkokouppa.csv', 'Domitech.xml', 'Apollo.csv', 'Gitana.xml', 'Action.csv']
['Verkkokouppa.csv', 'Domitech.xml', 'Apollo.csv', 'Gitana.xml', 'Action.csv']
['Verkkokouppa.csv', 'Domitech.xml', 'Apollo.csv', 'Gitana.xml', 'Action.csv']
['Verkkokouppa.csv', 'Domitech.xml', 'Apollo.csv', 'Gitana.xml', 'Action.csv']
['Verkkokouppa.csv', 'Domitech.xml', 'Apollo.csv', 'Gitana.xml', 'Action.csv']
['Verkkokouppa.csv', 'Domitech.xml', 'Apollo.csv', 'Gitana.xml', 'Action.csv']
['Verkkokouppa.csv', 'Domitech.xml', 'Apollo.csv', 'Gitana.xml', 'Action.csv']
['Verkkokouppa.csv', 'Domitech.xml', 'Apollo.csv', 'Gitana.xml', 'Action.csv']
['Verkkokouppa.csv', 'Domitech.xml', 'Apollo.csv', 'Gitana.xml', 'Action.csv']
['Verkkokouppa.csv', 'Domitech.xml', 'Apollo.csv', 'Gitana.xml', 'Action.csv']
['Verkkokouppa.csv', 'Domitech.xml', 'Apollo.csv', 'Gitana.xml', 'Nzd.xml', 'Action.csv', 'Jacob.csv', 'B2B_sports.xml']
['Verkkokouppa.csv', 'Domitech.xml', 'Apollo.csv', 'Gitana.xml', 'Nzd.xml', 'Action.csv', 'Jacob.csv', 'B2B_sports.xml']
HTTP Error 503: Service Unavailable
['Verkkokouppa.csv', 'Domitech.xml', 'Apollo.csv', 'Gitana.xml', 'Nzd.xml', 'Jacob.csv', 'B2B_sports.xml']
['Verkkokouppa.csv', 'Domitech.xml', 'Apollo.csv', 'Gitana.xml', 'Nzd.xml', 'Action.csv', 'Jacob.csv', 'B2B_sports.xml']
['Verkkokouppa.csv', 'Domitech.xml', 'Apollo.csv', 'Gitana.xml', 'Nzd.xml', 'Action.csv', 'Jacob.csv', 'B2B_sports.xml']
